# JRE version: Java(TM) SE Runtime Environment (8.0_45-b14) (build 1.8.0_45-b14)
# Java VM: Java HotSpot(TM) 64-Bit Server VM (25.45-b02 mixed mode bsd-amd64 compressed oops)
Heap:
 PSYoungGen      total 536064K, used 414734K [0x0000000795580000, 0x00000007bed00000, 0x00000007c0000000)
  eden space 411136K, 94% used [0x0000000795580000,0x00000007ad1fe8d8,0x00000007ae700000)
  from space 124928K, 20% used [0x00000007b7300000,0x00000007b8b852c8,0x00000007bed00000)
  to   space 134144K, 0% used [0x00000007ae700000,0x00000007ae700000,0x00000007b6a00000)
 ParOldGen       total 267264K, used 54256K [0x0000000740000000, 0x0000000750500000, 0x0000000795580000)
  object space 267264K, 20% used [0x0000000740000000,0x00000007434fc140,0x0000000750500000)
 Metaspace       used 66544K, capacity 68328K, committed 68524K, reserved 1107968K
  class space    used 9011K, capacity 9350K, committed 9388K, reserved 1048576K
GC Heap History (10 events):
Event: 25.364 GC heap before
{Heap before GC invocations=22 (full 5):
 PSYoungGen      total 538112K, used 1283K [0x0000000795580000, 0x00000007c0000000, 0x00000007c0000000)
  eden space 388608K, 0% used [0x0000000795580000,0x0000000795580000,0x00000007ad100000)
  from space 149504K, 0% used [0x00000007ad100000,0x00000007ad240d50,0x00000007b6300000)
  to   space 148480K, 0% used [0x00000007b6f00000,0x00000007b6f00000,0x00000007c0000000)
 ParOldGen       total 413696K, used 253955K [0x0000000740000000, 0x0000000759400000, 0x0000000795580000)
  object space 413696K, 61% used [0x0000000740000000,0x000000074f800d78,0x0000000759400000)
 Metaspace       used 39587K, capacity 39860K, committed 40108K, reserved 1083392K
  class space    used 5405K, capacity 5536K, committed 5548K, reserved 1048576K
Event: 25.529 GC heap after
Heap after GC invocations=22 (full 5):
 PSYoungGen      total 538112K, used 0K [0x0000000795580000, 0x00000007c0000000, 0x00000007c0000000)
  eden space 388608K, 0% used [0x0000000795580000,0x0000000795580000,0x00000007ad100000)
  from space 149504K, 0% used [0x00000007ad100000,0x00000007ad100000,0x00000007b6300000)
  to   space 148480K, 0% used [0x00000007b6f00000,0x00000007b6f00000,0x00000007c0000000)
 ParOldGen       total 267264K, used 90348K [0x0000000740000000, 0x0000000750500000, 0x0000000795580000)
  object space 267264K, 33% used [0x0000000740000000,0x000000074583b0f0,0x0000000750500000)
 Metaspace       used 39587K, capacity 39860K, committed 40108K, reserved 1083392K
  class space    used 5405K, capacity 5536K, committed 5548K, reserved 1048576K
}
Event: 26.298 GC heap before
{Heap before GC invocations=23 (full 5):
 PSYoungGen      total 538112K, used 74494K [0x0000000795580000, 0x00000007c0000000, 0x00000007c0000000)
  eden space 388608K, 19% used [0x0000000795580000,0x0000000799e3fa10,0x00000007ad100000)
  from space 149504K, 0% used [0x00000007ad100000,0x00000007ad100000,0x00000007b6300000)
  to   space 148480K, 0% used [0x00000007b6f00000,0x00000007b6f00000,0x00000007c0000000)
 ParOldGen       total 267264K, used 90348K [0x0000000740000000, 0x0000000750500000, 0x0000000795580000)
  object space 267264K, 33% used [0x0000000740000000,0x000000074583b0f0,0x0000000750500000)
 Metaspace       used 43985K, capacity 44224K, committed 44716K, reserved 1087488K
  class space    used 5909K, capacity 6002K, committed 6060K, reserved 1048576K
Event: 26.306 GC heap after
Heap after GC invocations=23 (full 5):
 PSYoungGen      total 542208K, used 4810K [0x0000000795580000, 0x00000007bf900000, 0x00000007c0000000)
  eden space 400896K, 0% used [0x0000000795580000,0x0000000795580000,0x00000007add00000)
  from space 141312K, 3% used [0x00000007b6f00000,0x00000007b73b2830,0x00000007bf900000)
  to   space 145408K, 0% used [0x00000007add00000,0x00000007add00000,0x00000007b6b00000)
 ParOldGen       total 267264K, used 90356K [0x0000000740000000, 0x0000000750500000, 0x0000000795580000)
  object space 267264K, 33% used [0x0000000740000000,0x000000074583d0f0,0x0000000750500000)
 Metaspace       used 43985K, capacity 44224K, committed 44716K, reserved 1087488K
  class space    used 5909K, capacity 6002K, committed 6060K, reserved 1048576K
}
Event: 26.306 GC heap before
{Heap before GC invocations=24 (full 6):
 PSYoungGen      total 542208K, used 4810K [0x0000000795580000, 0x00000007bf900000, 0x00000007c0000000)
  eden space 400896K, 0% used [0x0000000795580000,0x0000000795580000,0x00000007add00000)
  from space 141312K, 3% used [0x00000007b6f00000,0x00000007b73b2830,0x00000007bf900000)
  to   space 145408K, 0% used [0x00000007add00000,0x00000007add00000,0x00000007b6b00000)
 ParOldGen       total 267264K, used 90356K [0x0000000740000000, 0x0000000750500000, 0x0000000795580000)
  object space 267264K, 33% used [0x0000000740000000,0x000000074583d0f0,0x0000000750500000)
 Metaspace       used 43985K, capacity 44224K, committed 44716K, reserved 1087488K
  class space    used 5909K, capacity 6002K, committed 6060K, reserved 1048576K
Event: 26.439 GC heap after
Heap after GC invocations=24 (full 6):
 PSYoungGen      total 542208K, used 0K [0x0000000795580000, 0x00000007bf900000, 0x00000007c0000000)
  eden space 400896K, 0% used [0x0000000795580000,0x0000000795580000,0x00000007add00000)
  from space 141312K, 0% used [0x00000007b6f00000,0x00000007b6f00000,0x00000007bf900000)
  to   space 145408K, 0% used [0x00000007add00000,0x00000007add00000,0x00000007b6b00000)
 ParOldGen       total 267264K, used 54240K [0x0000000740000000, 0x0000000750500000, 0x0000000795580000)
  object space 267264K, 20% used [0x0000000740000000,0x00000007434f8140,0x0000000750500000)
 Metaspace       used 43985K, capacity 44224K, committed 44716K, reserved 1087488K
  class space    used 5909K, capacity 6002K, committed 6060K, reserved 1048576K
}
Event: 3622.422 GC heap before
{Heap before GC invocations=25 (full 6):
 PSYoungGen      total 542208K, used 400896K [0x0000000795580000, 0x00000007bf900000, 0x00000007c0000000)
  eden space 400896K, 100% used [0x0000000795580000,0x00000007add00000,0x00000007add00000)
  from space 141312K, 0% used [0x00000007b6f00000,0x00000007b6f00000,0x00000007bf900000)
  to   space 145408K, 0% used [0x00000007add00000,0x00000007add00000,0x00000007b6b00000)
 ParOldGen       total 267264K, used 54240K [0x0000000740000000, 0x0000000750500000, 0x0000000795580000)
  object space 267264K, 20% used [0x0000000740000000,0x00000007434f8140,0x0000000750500000)
 Metaspace       used 45461K, capacity 45740K, committed 46124K, reserved 1089536K
  class space    used 6048K, capacity 6164K, committed 6188K, reserved 1048576K
Event: 3622.543 GC heap after
Heap after GC invocations=25 (full 6):
 PSYoungGen      total 546304K, used 1247K [0x0000000795580000, 0x00000007bfe00000, 0x00000007c0000000)
  eden space 400896K, 0% used [0x0000000795580000,0x0000000795580000,0x00000007add00000)
  from space 145408K, 0% used [0x00000007add00000,0x00000007ade37c68,0x00000007b6b00000)
  to   space 142336K, 0% used [0x00000007b7300000,0x00000007b7300000,0x00000007bfe00000)
 ParOldGen       total 267264K, used 54248K [0x0000000740000000, 0x0000000750500000, 0x0000000795580000)
  object space 267264K, 20% used [0x0000000740000000,0x00000007434fa140,0x0000000750500000)
 Metaspace       used 45461K, capacity 45740K, committed 46124K, reserved 1089536K
  class space    used 6048K, capacity 6164K, committed 6188K, reserved 1048576K
}
Event: 4615.669 GC heap before
{Heap before GC invocations=26 (full 6):
 PSYoungGen      total 546304K, used 402143K [0x0000000795580000, 0x00000007bfe00000, 0x00000007c0000000)
  eden space 400896K, 100% used [0x0000000795580000,0x00000007add00000,0x00000007add00000)
  from space 145408K, 0% used [0x00000007add00000,0x00000007ade37c68,0x00000007b6b00000)
  to   space 142336K, 0% used [0x00000007b7300000,0x00000007b7300000,0x00000007bfe00000)
 ParOldGen       total 267264K, used 54248K [0x0000000740000000, 0x0000000750500000, 0x0000000795580000)
  object space 267264K, 20% used [0x0000000740000000,0x00000007434fa140,0x0000000750500000)
 Metaspace       used 65137K, capacity 66798K, committed 66988K, reserved 1107968K
  class space    used 8848K, capacity 9129K, committed 9132K, reserved 1048576K
Event: 4616.085 GC heap after
Heap after GC invocations=26 (full 6):
 PSYoungGen      total 536064K, used 25108K [0x0000000795580000, 0x00000007bed00000, 0x00000007c0000000)
  eden space 411136K, 0% used [0x0000000795580000,0x0000000795580000,0x00000007ae700000)
  from space 124928K, 20% used [0x00000007b7300000,0x00000007b8b852c8,0x00000007bed00000)
  to   space 134144K, 0% used [0x00000007ae700000,0x00000007ae700000,0x00000007b6a00000)
 ParOldGen       total 267264K, used 54256K [0x0000000740000000, 0x0000000750500000, 0x0000000795580000)
  object space 267264K, 20% used [0x0000000740000000,0x00000007434fc140,0x0000000750500000)
 Metaspace       used 65137K, capacity 66798K, committed 66988K, reserved 1107968K
  class space    used 8848K, capacity 9129K, committed 9132K, reserved 1048576K
}

